\BOOKMARK [1][-]{section.1}{Introduction}{}% 1
\BOOKMARK [1][-]{section.2}{R\351sum\351 descriptif des donn\351es collect\351es dans le SNO Tourbi\350res}{}% 2
\BOOKMARK [2][-]{subsection.2.1}{Objectif de la collecte des donn\351es}{section.2}% 3
\BOOKMARK [2][-]{subsection.2.2}{Description des donn\351es collect\351es}{section.2}% 4
\BOOKMARK [3][-]{subsubsection.2.2.1}{Origine et volume des donn\351es collect\351es}{subsection.2.2}% 5
\BOOKMARK [3][-]{subsubsection.2.2.2}{Types et formats des donn\351es}{subsection.2.2}% 6
\BOOKMARK [3][-]{subsubsection.2.2.3}{Documents}{subsection.2.2}% 7
\BOOKMARK [2][-]{subsection.2.3}{La r\351utilisation des donn\351es}{section.2}% 8
\BOOKMARK [1][-]{section.3}{Gestion des donn\351es selon le principe \253 FAIR \273}{}% 9
\BOOKMARK [2][-]{subsection.3.1}{Rendre les donn\351es et les m\351tadonn\351es trouvables}{section.3}% 10
\BOOKMARK [3][-]{subsubsection.3.1.1}{Les m\351tadonn\351es du SNO Tourbi\350res }{subsection.3.1}% 11
\BOOKMARK [3][-]{subsubsection.3.1.2}{Proc\351dure d'identification}{subsection.3.1}% 12
\BOOKMARK [3][-]{subsubsection.3.1.3}{Diffusion des m\351tadonn\351es}{subsection.3.1}% 13
\BOOKMARK [2][-]{subsection.3.2}{Rendre les donn\351es librement accessibles}{section.3}% 14
\BOOKMARK [3][-]{subsubsection.3.2.1}{M\351thode de diffusion}{subsection.3.2}% 15
\BOOKMARK [3][-]{subsubsection.3.2.2}{Acc\350s aux codes et documentation}{subsection.3.2}% 16
\BOOKMARK [2][-]{subsection.3.3}{Rendre les donn\351es interop\351rables}{section.3}% 17
\BOOKMARK [3][-]{subsubsection.3.3.1}{D\351marche d'interop\351rabilit\351 au niveau s\351mantique}{subsection.3.3}% 18
\BOOKMARK [3][-]{subsubsection.3.3.2}{D\351marche d'interop\351rabilit\351 au niveau technique}{subsection.3.3}% 19
\BOOKMARK [2][-]{subsection.3.4}{Accro\356tre la r\351utilisation des donn\351es}{section.3}% 20
\BOOKMARK [1][-]{section.4}{Allocation des ressources}{}% 21
\BOOKMARK [1][-]{section.5}{S\351curit\351 des donn\351es}{}% 22
\BOOKMARK [1][-]{section.6}{Aspects \351thiques}{}% 23
\BOOKMARK [1][-]{section.7}{Autres}{}% 24
