\BOOKMARK [1][-]{section.1}{Introduction}{}% 1
\BOOKMARK [2][-]{subsection.1.1}{Objectifs}{section.1}% 2
\BOOKMARK [2][-]{subsection.1.2}{Services rendus}{section.1}% 3
\BOOKMARK [2][-]{subsection.1.3}{Identification des parties}{section.1}% 4
\BOOKMARK [2][-]{subsection.1.4}{Dur\351e}{section.1}% 5
\BOOKMARK [2][-]{subsection.1.5}{Crit\350res d\220attribution}{section.1}% 6
\BOOKMARK [2][-]{subsection.1.6}{Date limite de remise des offres}{section.1}% 7
\BOOKMARK [2][-]{subsection.1.7}{Modalit\351 de r\350glement}{section.1}% 8
\BOOKMARK [2][-]{subsection.1.8}{R\351vision du prix}{section.1}% 9
\BOOKMARK [1][-]{section.2}{Description de l'existant}{}% 10
\BOOKMARK [2][-]{subsection.2.1}{Contexte}{section.2}% 11
\BOOKMARK [2][-]{subsection.2.2}{Description g\351n\351rale du SI SNO-Tourbi\350res}{section.2}% 12
\BOOKMARK [1][-]{section.3}{Description des prestations attendues}{}% 13
\BOOKMARK [2][-]{subsection.3.1}{Maintenir en condition op\351rationnelle l'application https://data-snot.cnrs.fr/data-snot}{section.3}% 14
\BOOKMARK [3][-]{subsubsection.3.1.1}{Description}{subsection.3.1}% 15
\BOOKMARK [3][-]{subsubsection.3.1.2}{Prestations attendues}{subsection.3.1}% 16
\BOOKMARK [2][-]{subsection.3.2}{Maintenir en condition op\351rationnelle les applications https://data-snot.cnrs.fr/data-access/data-access et https://data-snot.cnrs.fr/dataset-archive/dataset-archive}{section.3}% 17
\BOOKMARK [3][-]{subsubsection.3.2.1}{Description}{subsection.3.2}% 18
\BOOKMARK [3][-]{subsubsection.3.2.2}{Prestations attendues}{subsection.3.2}% 19
\BOOKMARK [2][-]{subsection.3.3}{Maintenir en condition op\351rationnelle le service de cr\351ation des m\351tadonn\351es \253 PivotMetadata \273}{section.3}% 20
\BOOKMARK [3][-]{subsubsection.3.3.1}{Description}{subsection.3.3}% 21
\BOOKMARK [3][-]{subsubsection.3.3.2}{Prestations attendues}{subsection.3.3}% 22
\BOOKMARK [1][-]{section.4}{Contacts}{}% 23
