This is pdfTeX, Version 3.14159265-2.6-1.40.18 (TeX Live 2017/Debian) (preloaded format=pdflatex 2018.10.12)  14 NOV 2018 13:56
entering extended mode
 restricted \write18 enabled.
 %&-line parsing enabled.
**protocole_SNO_tourbieres.tex
(./protocole_SNO_tourbieres.tex
LaTeX2e <2017-04-15>
Babel <3.18> and hyphenation patterns for 84 language(s) loaded.
(/usr/share/texlive/texmf-dist/tex/latex/base/report.cls
Document Class: report 2014/09/29 v1.4h Standard LaTeX document class
(/usr/share/texlive/texmf-dist/tex/latex/base/size12.clo
File: size12.clo 2014/09/29 v1.4h Standard LaTeX file (size option)
)
\c@part=\count79
\c@chapter=\count80
\c@section=\count81
\c@subsection=\count82
\c@subsubsection=\count83
\c@paragraph=\count84
\c@subparagraph=\count85
\c@figure=\count86
\c@table=\count87
\abovecaptionskip=\skip41
\belowcaptionskip=\skip42
\bibindent=\dimen102
) (./preambule.tex
(/usr/share/texlive/texmf-dist/tex/latex/base/fontenc.sty
Package: fontenc 2017/04/05 v2.0i Standard LaTeX package

(/usr/share/texlive/texmf-dist/tex/latex/base/t1enc.def
File: t1enc.def 2017/04/05 v2.0i Standard LaTeX file
LaTeX Font Info:    Redeclaring font encoding T1 on input line 48.
))
(/usr/share/texlive/texmf-dist/tex/latex/base/inputenc.sty
Package: inputenc 2015/03/17 v1.2c Input encoding file
\inpenc@prehook=\toks14
\inpenc@posthook=\toks15

(/usr/share/texlive/texmf-dist/tex/latex/base/latin1.def
File: latin1.def 2015/03/17 v1.2c Input encoding file
))
(/usr/share/texlive/texmf-dist/tex/generic/babel/babel.sty
Package: babel 2018/02/14 3.18 The Babel package

(/usr/share/texlive/texmf-dist/tex/generic/babel/switch.def
File: switch.def 2018/02/14 3.18 Babel switching mechanism
)
(/usr/share/texlive/texmf-dist/tex/generic/babel-french/frenchb.ldf
Language: frenchb 2018/02/04 v3.4b French support from the babel system


Package babel-french Warning: Option `frenchb' for Babel is *deprecated*,
(babel-french)                it might be removed sooner or later. Please
(babel-french)                use `french' instead; reported on input line 35.

(/usr/share/texlive/texmf-dist/tex/generic/babel-french/french.ldf
Language: french 2018/02/04 v3.4b French support from the babel system

(/usr/share/texlive/texmf-dist/tex/generic/babel/babel.def
File: babel.def 2018/02/14 3.18 Babel common definitions
\babel@savecnt=\count88
\U@D=\dimen103

(/usr/share/texlive/texmf-dist/tex/generic/babel/txtbabel.def)
\bbl@dirlevel=\count89
)
\l@acadian = a dialect from \language\l@french 
\FB@nonchar=\count90
Package babel Info: Making : an active character on input line 411.
Package babel Info: Making ; an active character on input line 412.
Package babel Info: Making ! an active character on input line 413.
Package babel Info: Making ? an active character on input line 414.
\FBguill@level=\count91
\FB@everypar=\toks16
\FB@Mht=\dimen104
\mc@charclass=\count92
\mc@charfam=\count93
\mc@charslot=\count94
\std@mcc=\count95
\dec@mcc=\count96
\c@FBcaption@count=\count97
\listindentFB=\skip43
\descindentFB=\skip44
\labelwidthFB=\skip45
\leftmarginFB=\skip46
\parindentFFN=\dimen105
\FBfnindent=\skip47
)))
(/usr/share/texlive/texmf-dist/tex/latex/carlisle/scalefnt.sty)
(/usr/share/texlive/texmf-dist/tex/latex/graphics/keyval.sty
Package: keyval 2014/10/28 v1.15 key=value parser (DPC)
\KV@toks@=\toks17
)
(/usr/share/texlive/texmf-dist/tex/latex/amsmath/amsmath.sty
Package: amsmath 2017/09/02 v2.17a AMS math features
\@mathmargin=\skip48

For additional information on amsmath, use the `?' option.
(/usr/share/texlive/texmf-dist/tex/latex/amsmath/amstext.sty
Package: amstext 2000/06/29 v2.01 AMS text

(/usr/share/texlive/texmf-dist/tex/latex/amsmath/amsgen.sty
File: amsgen.sty 1999/11/30 v2.0 generic functions
\@emptytoks=\toks18
\ex@=\dimen106
))
(/usr/share/texlive/texmf-dist/tex/latex/amsmath/amsbsy.sty
Package: amsbsy 1999/11/29 v1.2d Bold Symbols
\pmbraise@=\dimen107
)
(/usr/share/texlive/texmf-dist/tex/latex/amsmath/amsopn.sty
Package: amsopn 2016/03/08 v2.02 operator names
)
\inf@bad=\count98
LaTeX Info: Redefining \frac on input line 213.
\uproot@=\count99
\leftroot@=\count100
LaTeX Info: Redefining \overline on input line 375.
\classnum@=\count101
\DOTSCASE@=\count102
LaTeX Info: Redefining \ldots on input line 472.
LaTeX Info: Redefining \dots on input line 475.
LaTeX Info: Redefining \cdots on input line 596.
\Mathstrutbox@=\box26
\strutbox@=\box27
\big@size=\dimen108
LaTeX Font Info:    Redeclaring font encoding OML on input line 712.
LaTeX Font Info:    Redeclaring font encoding OMS on input line 713.
\macc@depth=\count103
\c@MaxMatrixCols=\count104
\dotsspace@=\muskip10
\c@parentequation=\count105
\dspbrk@lvl=\count106
\tag@help=\toks19
\row@=\count107
\column@=\count108
\maxfields@=\count109
\andhelp@=\toks20
\eqnshift@=\dimen109
\alignsep@=\dimen110
\tagshift@=\dimen111
\tagwidth@=\dimen112
\totwidth@=\dimen113
\lineht@=\dimen114
\@envbody=\toks21
\multlinegap=\skip49
\multlinetaggap=\skip50
\mathdisplay@stack=\toks22
LaTeX Info: Redefining \[ on input line 2817.
LaTeX Info: Redefining \] on input line 2818.
)
(/usr/share/texlive/texmf-dist/tex/latex/amsfonts/amsfonts.sty
Package: amsfonts 2013/01/14 v3.01 Basic AMSFonts support
\symAMSa=\mathgroup4
\symAMSb=\mathgroup5
LaTeX Font Info:    Overwriting math alphabet `\mathfrak' in version `bold'
(Font)                  U/euf/m/n --> U/euf/b/n on input line 106.
)
(/usr/share/texlive/texmf-dist/tex/latex/amsfonts/amssymb.sty
Package: amssymb 2013/01/14 v3.01 AMS font symbols
)
(/usr/share/texlive/texmf-dist/tex/latex/graphics/lscape.sty
Package: lscape 2000/10/22 v3.01 Landscape Pages (DPC)

(/usr/share/texlive/texmf-dist/tex/latex/graphics/graphics.sty
Package: graphics 2017/06/25 v1.2c Standard LaTeX Graphics (DPC,SPQR)

(/usr/share/texlive/texmf-dist/tex/latex/graphics/trig.sty
Package: trig 2016/01/03 v1.10 sin cos tan (DPC)
)
(/usr/share/texlive/texmf-dist/tex/latex/graphics-cfg/graphics.cfg
File: graphics.cfg 2016/06/04 v1.11 sample graphics configuration
)
Package graphics Info: Driver file: pdftex.def on input line 99.

(/usr/share/texlive/texmf-dist/tex/latex/graphics-def/pdftex.def
File: pdftex.def 2018/01/08 v1.0l Graphics/color driver for pdftex
)))
(/usr/share/texlive/texmf-dist/tex/latex/graphics/graphicx.sty
Package: graphicx 2017/06/01 v1.1a Enhanced LaTeX Graphics (DPC,SPQR)
\Gin@req@height=\dimen115
\Gin@req@width=\dimen116
)
(/usr/share/texlive/texmf-dist/tex/latex/url/url.sty
\Urlmuskip=\muskip11
Package: url 2013/09/16  ver 3.4  Verb mode for urls, etc.
)
(/usr/share/texlive/texmf-dist/tex/latex/hyperref/hyperref.sty
Package: hyperref 2018/02/06 v6.86b Hypertext links for LaTeX

(/usr/share/texlive/texmf-dist/tex/generic/oberdiek/hobsub-hyperref.sty
Package: hobsub-hyperref 2016/05/16 v1.14 Bundle oberdiek, subset hyperref (HO)


(/usr/share/texlive/texmf-dist/tex/generic/oberdiek/hobsub-generic.sty
Package: hobsub-generic 2016/05/16 v1.14 Bundle oberdiek, subset generic (HO)
Package: hobsub 2016/05/16 v1.14 Construct package bundles (HO)
Package: infwarerr 2016/05/16 v1.4 Providing info/warning/error messages (HO)
Package: ltxcmds 2016/05/16 v1.23 LaTeX kernel commands for general use (HO)
Package: ifluatex 2016/05/16 v1.4 Provides the ifluatex switch (HO)
Package ifluatex Info: LuaTeX not detected.
Package: ifvtex 2016/05/16 v1.6 Detect VTeX and its facilities (HO)
Package ifvtex Info: VTeX not detected.
Package: intcalc 2016/05/16 v1.2 Expandable calculations with integers (HO)
Package: ifpdf 2017/03/15 v3.2 Provides the ifpdf switch
Package: etexcmds 2016/05/16 v1.6 Avoid name clashes with e-TeX commands (HO)
Package etexcmds Info: Could not find \expanded.
(etexcmds)             That can mean that you are not using pdfTeX 1.50 or
(etexcmds)             that some package has redefined \expanded.
(etexcmds)             In the latter case, load this package earlier.
Package: kvsetkeys 2016/05/16 v1.17 Key value parser (HO)
Package: kvdefinekeys 2016/05/16 v1.4 Define keys (HO)
Package: pdftexcmds 2018/01/21 v0.26 Utility functions of pdfTeX for LuaTeX (HO
)
Package pdftexcmds Info: LuaTeX not detected.
Package pdftexcmds Info: \pdf@primitive is available.
Package pdftexcmds Info: \pdf@ifprimitive is available.
Package pdftexcmds Info: \pdfdraftmode found.
Package: pdfescape 2016/05/16 v1.14 Implements pdfTeX's escape features (HO)
Package: bigintcalc 2016/05/16 v1.4 Expandable calculations on big integers (HO
)
Package: bitset 2016/05/16 v1.2 Handle bit-vector datatype (HO)
Package: uniquecounter 2016/05/16 v1.3 Provide unlimited unique counter (HO)
)
Package hobsub Info: Skipping package `hobsub' (already loaded).
Package: letltxmacro 2016/05/16 v1.5 Let assignment for LaTeX macros (HO)
Package: hopatch 2016/05/16 v1.3 Wrapper for package hooks (HO)
Package: xcolor-patch 2016/05/16 xcolor patch
Package: atveryend 2016/05/16 v1.9 Hooks at the very end of document (HO)
Package atveryend Info: \enddocument detected (standard20110627).
Package: atbegshi 2016/06/09 v1.18 At begin shipout hook (HO)
Package: refcount 2016/05/16 v3.5 Data extraction from label references (HO)
Package: hycolor 2016/05/16 v1.8 Color options for hyperref/bookmark (HO)
)
(/usr/share/texlive/texmf-dist/tex/generic/ifxetex/ifxetex.sty
Package: ifxetex 2010/09/12 v0.6 Provides ifxetex conditional
)
(/usr/share/texlive/texmf-dist/tex/latex/oberdiek/auxhook.sty
Package: auxhook 2016/05/16 v1.4 Hooks for auxiliary files (HO)
)
(/usr/share/texlive/texmf-dist/tex/latex/oberdiek/kvoptions.sty
Package: kvoptions 2016/05/16 v3.12 Key value format for package options (HO)
)
\@linkdim=\dimen117
\Hy@linkcounter=\count110
\Hy@pagecounter=\count111

(/usr/share/texlive/texmf-dist/tex/latex/hyperref/pd1enc.def
File: pd1enc.def 2018/02/06 v6.86b Hyperref: PDFDocEncoding definition (HO)
)
\Hy@SavedSpaceFactor=\count112

(/usr/share/texlive/texmf-dist/tex/latex/latexconfig/hyperref.cfg
File: hyperref.cfg 2002/06/06 v1.2 hyperref configuration of TeXLive
)
Package hyperref Info: Hyper figures OFF on input line 4509.
Package hyperref Info: Link nesting OFF on input line 4514.
Package hyperref Info: Hyper index ON on input line 4517.
Package hyperref Info: Plain pages OFF on input line 4524.
Package hyperref Info: Backreferencing OFF on input line 4529.
Package hyperref Info: Implicit mode ON; LaTeX internals redefined.
Package hyperref Info: Bookmarks ON on input line 4762.
\c@Hy@tempcnt=\count113
LaTeX Info: Redefining \url on input line 5115.
\XeTeXLinkMargin=\dimen118
\Fld@menulength=\count114
\Field@Width=\dimen119
\Fld@charsize=\dimen120
Package hyperref Info: Hyper figures OFF on input line 6369.
Package hyperref Info: Link nesting OFF on input line 6374.
Package hyperref Info: Hyper index ON on input line 6377.
Package hyperref Info: backreferencing OFF on input line 6384.
Package hyperref Info: Link coloring OFF on input line 6389.
Package hyperref Info: Link coloring with OCG OFF on input line 6394.
Package hyperref Info: PDF/A mode OFF on input line 6399.
LaTeX Info: Redefining \ref on input line 6439.
LaTeX Info: Redefining \pageref on input line 6443.
\Hy@abspage=\count115
\c@Item=\count116
\c@Hfootnote=\count117
)
Package hyperref Info: Driver (autodetected): hpdftex.

(/usr/share/texlive/texmf-dist/tex/latex/hyperref/hpdftex.def
File: hpdftex.def 2018/02/06 v6.86b Hyperref driver for pdfTeX
\Fld@listcount=\count118
\c@bookmark@seq@number=\count119

(/usr/share/texlive/texmf-dist/tex/latex/oberdiek/rerunfilecheck.sty
Package: rerunfilecheck 2016/05/16 v1.8 Rerun checks for auxiliary files (HO)
Package uniquecounter Info: New unique counter `rerunfilecheck' on input line 2
82.
)
\Hy@SectionHShift=\skip51
)
(/usr/share/texlive/texmf-dist/tex/latex/import/import.sty
Package: import 2009/03/23  v 5.1
)
(/usr/share/texlive/texmf-dist/tex/latex/tools/afterpage.sty
Package: afterpage 2014/10/28 v1.08 After-Page Package (DPC)
\AP@output=\toks23
\AP@partial=\box28
\AP@footins=\box29
))
(/usr/share/texlive/texmf-dist/tex/latex/vhistory/vhistory.sty
Package: vhistory 

(/usr/share/texlive/texmf-dist/tex/latex/carlisle/ltxtable.sty
Package: ltxtable 1995/12/11 v0.2 longtable/tabularx merge (DPC)

(/usr/share/texlive/texmf-dist/tex/latex/tools/tabularx.sty
Package: tabularx 2016/02/03 v2.11 `tabularx' package (DPC)

(/usr/share/texlive/texmf-dist/tex/latex/tools/array.sty
Package: array 2016/10/06 v2.4d Tabular extension package (FMi)
\col@sep=\dimen121
\extrarowheight=\dimen122
\NC@list=\toks24
\extratabsurround=\skip52
\backup@length=\skip53
)
\TX@col@width=\dimen123
\TX@old@table=\dimen124
\TX@old@col=\dimen125
\TX@target=\dimen126
\TX@delta=\dimen127
\TX@cols=\count120
\TX@ftn=\toks25
)
(/usr/share/texlive/texmf-dist/tex/latex/tools/longtable.sty
Package: longtable 2014/10/28 v4.11 Multi-page Table package (DPC)
\LTleft=\skip54
\LTright=\skip55
\LTpre=\skip56
\LTpost=\skip57
\LTchunksize=\count121
\LTcapwidth=\dimen128
\LT@head=\box30
\LT@firsthead=\box31
\LT@foot=\box32
\LT@lastfoot=\box33
\LT@cols=\count122
\LT@rows=\count123
\c@LT@tables=\count124
\c@LT@chunks=\count125
\LT@p@ftn=\toks26
))
(/usr/share/texlive/texmf-dist/tex/latex/vhistory/sets.sty
Package: sets 
\c@s@tlength=\count126
)
Reading file protocole_SNO_tourbieres.hst...
(./protocole_SNO_tourbieres.hst)
\vh@verfile=\write3
) (./protocole_SNO_tourbieres.aux
(./protocole_1_data.aux) (./protocole_2_SIE.aux) (./protocole_3_meteosol.aux

LaTeX Warning: Label `Fig.1' multiply defined.


LaTeX Warning: Label `Fig.5' multiply defined.


LaTeX Warning: Label `Fig.6' multiply defined.


LaTeX Warning: Label `Fig.2' multiply defined.


LaTeX Warning: Label `Fig.3' multiply defined.


LaTeX Warning: Label `Fig.4' multiply defined.


LaTeX Warning: Label `Fig.5' multiply defined.

) (./protocole_4_hydro.aux

LaTeX Warning: Label `Fig. hydro 2' multiply defined.

) (./protocole_5_eddycov.aux

LaTeX Warning: Label `Fig.1' multiply defined.


LaTeX Warning: Label `Fig.1' multiply defined.


LaTeX Warning: Label `Fig.1' multiply defined.

) (./protocole_9_glossaire.aux))
\openout1 = `protocole_SNO_tourbieres.aux'.

LaTeX Font Info:    Checking defaults for OML/cmm/m/it on input line 33.
LaTeX Font Info:    ... okay on input line 33.
LaTeX Font Info:    Checking defaults for T1/cmr/m/n on input line 33.
LaTeX Font Info:    ... okay on input line 33.
LaTeX Font Info:    Checking defaults for OT1/cmr/m/n on input line 33.
LaTeX Font Info:    ... okay on input line 33.
LaTeX Font Info:    Checking defaults for OMS/cmsy/m/n on input line 33.
LaTeX Font Info:    ... okay on input line 33.
LaTeX Font Info:    Checking defaults for OMX/cmex/m/n on input line 33.
LaTeX Font Info:    ... okay on input line 33.
LaTeX Font Info:    Checking defaults for U/cmr/m/n on input line 33.
LaTeX Font Info:    ... okay on input line 33.
LaTeX Font Info:    Checking defaults for PD1/pdf/m/n on input line 33.
LaTeX Font Info:    ... okay on input line 33.
LaTeX Info: Redefining \degres on input line 33.
LaTeX Info: Redefining \dots on input line 33.
LaTeX Info: Redefining \up on input line 33.

(/usr/share/texlive/texmf-dist/tex/context/base/mkii/supp-pdf.mkii
[Loading MPS to PDF converter (version 2006.09.02).]
\scratchcounter=\count127
\scratchdimen=\dimen129
\scratchbox=\box34
\nofMPsegments=\count128
\nofMParguments=\count129
\everyMPshowfont=\toks27
\MPscratchCnt=\count130
\MPscratchDim=\dimen130
\MPnumerator=\count131
\makeMPintoPDFobject=\count132
\everyMPtoPDFconversion=\toks28
) (/usr/share/texlive/texmf-dist/tex/latex/oberdiek/epstopdf-base.sty
Package: epstopdf-base 2016/05/15 v2.6 Base part for package epstopdf

(/usr/share/texlive/texmf-dist/tex/latex/oberdiek/grfext.sty
Package: grfext 2016/05/16 v1.2 Manage graphics extensions (HO)
)
Package epstopdf-base Info: Redefining graphics rule for `.eps' on input line 4
38.
Package grfext Info: Graphics extension search list:
(grfext)             [.pdf,.png,.jpg,.mps,.jpeg,.jbig2,.jb2,.PDF,.PNG,.JPG,.JPE
G,.JBIG2,.JB2,.eps]
(grfext)             \AppendGraphicsExtensions on input line 456.

(/usr/share/texlive/texmf-dist/tex/latex/latexconfig/epstopdf-sys.cfg
File: epstopdf-sys.cfg 2010/07/13 v1.3 Configuration of (r)epstopdf for TeX Liv
e
))
\AtBeginShipoutBox=\box35
Package hyperref Info: Link coloring OFF on input line 33.

(/usr/share/texlive/texmf-dist/tex/latex/hyperref/nameref.sty
Package: nameref 2016/05/21 v2.44 Cross-referencing by name of section

(/usr/share/texlive/texmf-dist/tex/generic/oberdiek/gettitlestring.sty
Package: gettitlestring 2016/05/16 v1.5 Cleanup title references (HO)
)
\c@section@level=\count133
)
LaTeX Info: Redefining \ref on input line 33.
LaTeX Info: Redefining \pageref on input line 33.
LaTeX Info: Redefining \nameref on input line 33.

(./protocole_SNO_tourbieres.out) (./protocole_SNO_tourbieres.out)
\@outlinefile=\write4
\openout4 = `protocole_SNO_tourbieres.out'.

<Fig/logo.jpg, id=719, 204.765pt x 72.27pt>
File: Fig/logo.jpg Graphic file (type jpg)
<use Fig/logo.jpg>
Package pdftex.def Info: Fig/logo.jpg  used on input line 43.
(pdftex.def)             Requested size: 102.38223pt x 36.1349pt.
<Fig/logo_Tourbieres.png, id=720, 539.01375pt x 125.46875pt>
File: Fig/logo_Tourbieres.png Graphic file (type png)
<use Fig/logo_Tourbieres.png>
Package pdftex.def Info: Fig/logo_Tourbieres.png  used on input line 44.
(pdftex.def)             Requested size: 269.50621pt x 62.7342pt.
<Fig/couverture.jpg, id=722, 455.301pt x 473.1276pt>
File: Fig/couverture.jpg Graphic file (type jpg)
<use Fig/couverture.jpg>
Package pdftex.def Info: Fig/couverture.jpg  used on input line 54.
(pdftex.def)             Requested size: 227.64993pt x 236.56322pt.
\openout3 = `protocole_SNO_tourbieres.ver'.

 [1

{/var/lib/texmf/fonts/map/pdftex/updmap/pdftex.map} <./Fig/logo.jpg> <./Fig/log
o_Tourbieres.png> <./Fig/couverture.jpg>]
\vh@hstfile=\write5
\openout5 = `protocole_SNO_tourbieres.hst'.

 (./protocole_SNO_tourbieres.ver)
(./protocole_SNO_tourbieres.ver) (./protocole_SNO_tourbieres.ver) [2

] [0

]
(./protocole_SNO_tourbieres.toc
LaTeX Font Info:    Try loading font information for U+msa on input line 3.

(/usr/share/texlive/texmf-dist/tex/latex/amsfonts/umsa.fd
File: umsa.fd 2013/01/14 v3.01 AMS symbols A
)
LaTeX Font Info:    Try loading font information for U+msb on input line 3.

(/usr/share/texlive/texmf-dist/tex/latex/amsfonts/umsb.fd
File: umsb.fd 2013/01/14 v3.01 AMS symbols B
)pdfTeX warning (ext4): destination with the same identifier (name{page.1}) has
 been already used, duplicate ignored
<to be read again> 
                   \relax 
l.26 ...riance" - station \#004)}{29}{section.1.9}
                                                   [1]pdfTeX warning (ext4): de
stination with the same identifier (name{page.2}) has been already used, duplic
ate ignored
<to be read again> 
                   \relax 
l.63 ....1}Sur les capteurs}{50}{subsection.2.4.1}
                                                   [2] [3] [4] [5] [6])
\tf@toc=\write6
\openout6 = `protocole_SNO_tourbieres.toc'.


[7] (./protocole_SNO_tourbieres.lot)
\tf@lot=\write7
\openout7 = `protocole_SNO_tourbieres.lot'.

 [8

] (./protocole_SNO_tourbieres.lof
[9

])
\tf@lof=\write8
\openout8 = `protocole_SNO_tourbieres.lof'.

 [10]
\openout2 = `protocole_1_data.aux'.

 (./protocole_1_data.tex
Chapitre 1.
LaTeX Font Info:    Try loading font information for T1+cmtt on input line 28.
(/usr/share/texlive/texmf-dist/tex/latex/base/t1cmtt.fd
File: t1cmtt.fd 2014/09/29 v2.5h Standard LaTeX font definitions
) [11


]

LaTeX Warning: Reference `priorite_donnees' on page 12 undefined on input line 
69.

[12] [13]
Overfull \hbox (36.24953pt too wide) in paragraph at lines 109--160
[][]
 []


Underfull \hbox (badness 10000) in paragraph at lines 109--160

 []

[14]
Overfull \hbox (0.28928pt too wide) in paragraph at lines 182--182
[]\T1/cmr/bx/n/17.28 Organisation des équi-pe-ments d'ac-qui-si-tion
 []

[15] [16] [17]
Overfull \hbox (11.10168pt too wide) in paragraph at lines 276--277
\T1/cmr/m/n/12 nique dis-sous à l'éxu-toire), une sta-tion d'ac-qui-si-tion mét
éo-sol, eddy-covariance,
 []

[18] [19] [20] [21] [22] [23] [24] [25]
Overfull \hbox (18.05292pt too wide) in paragraph at lines 531--532
[]\T1/cmr/bx/n/12 code va-riable_numéro pro-fil_numéro al-ti-tude ou pro-fon-de
ur_numéro
 []

[26] [27] [28]
Overfull \hbox (18.05292pt too wide) in paragraph at lines 635--636
[]\T1/cmr/bx/n/12 code va-riable_numéro pro-fil_numéro al-ti-tude ou pro-fon-de
ur_numéro
 []


Overfull \hbox (7.11557pt too wide) in paragraph at lines 655--656
[]\T1/cmr/bx/n/12 CH4AW0/CH4AW \T1/cmr/m/n/12 = concen-tra-tion brute en CH$[]$
 ré-fé-rence et échan-
 []

[29] [30]
Overfull \hbox (0.47011pt too wide) in paragraph at lines 708--708
[]\T1/cmr/bx/n/17.28 Nom des va-riables "bio-géo-chi-mie de l'eau"
 []


Overfull \hbox (18.05292pt too wide) in paragraph at lines 714--715
[]\T1/cmr/bx/n/12 code va-riable_numéro pro-fil_numéro al-ti-tude ou pro-fon-de
ur_numéro
 []

[31] [32]
Overfull \hbox (2.36281pt too wide) in paragraph at lines 770--770
[]\T1/cmr/bx/n/17.28 Nom des va-riables "hy-dro" - sta-tions #006
 []


Overfull \hbox (18.05292pt too wide) in paragraph at lines 778--779
[]\T1/cmr/bx/n/12 code va-riable_numéro pro-fil_numéro al-ti-tude ou pro-fon-de
ur_numéro
 []

[33] [34]
Overfull \hbox (18.05292pt too wide) in paragraph at lines 853--854
[]\T1/cmr/bx/n/12 code va-riable_numéro pro-fil_numéro al-ti-tude ou pro-fon-de
ur_numéro
 []

[35]
Overfull \hbox (3.04448pt too wide) in paragraph at lines 874--875
[]\T1/cmr/bx/n/12 REcWV \T1/cmr/m/n/12 = hy-gro-mé-trie dans la chambre lors de
 la me-sure de l'échange
 []

[36]
Overfull \hbox (18.05292pt too wide) in paragraph at lines 938--939
[]\T1/cmr/bx/n/12 code va-riable_numéro pro-fil_numéro al-ti-tude ou pro-fon-de
ur_numéro
 []

[37]
Overfull \hbox (16.34805pt too wide) in paragraph at lines 975--976
[]\T1/cmr/bx/n/12 1 \T1/cmr/m/n/12 = toutes ces me-sures ne sont réa-li-sées qu
'à une seul pro-fon-deur/altitude. 
 []

) [38]
\openout2 = `protocole_2_SIE.aux'.

 (./protocole_2_SIE.tex
Chapitre 2.

Overfull \hbox (2.36925pt too wide) in paragraph at lines 29--30
[]\T1/cmr/bx/n/12 collecter et sto-cker les don-nées "obli-ga-toires" ac-quises
 à haute
 []


Overfull \hbox (2.36925pt too wide) in paragraph at lines 33--34
[]\T1/cmr/bx/n/12 collecter et sto-cker les don-nées "obli-ga-toires" ac-quises
 à haute
 []

[39



] [40] [41]
<Fig/sie_0.jpg, id=1201, 693.792pt x 167.6664pt>
File: Fig/sie_0.jpg Graphic file (type jpg)
<use Fig/sie_0.jpg>
Package pdftex.def Info: Fig/sie_0.jpg  used on input line 105.
(pdftex.def)             Requested size: 341.43306pt x 82.51285pt.
 [42 <./Fig/sie_0.jpg>]
<Fig/sie_1.jpg, id=1207, 520.344pt x 394.5942pt>
File: Fig/sie_1.jpg Graphic file (type jpg)
<use Fig/sie_1.jpg>
Package pdftex.def Info: Fig/sie_1.jpg  used on input line 121.
(pdftex.def)             Requested size: 341.43306pt x 258.93373pt.
 [43 <./Fig/sie_1.jpg>]
<Fig/sie_2.jpg, id=1213, 520.344pt x 394.5942pt>
File: Fig/sie_2.jpg Graphic file (type jpg)
<use Fig/sie_2.jpg>
Package pdftex.def Info: Fig/sie_2.jpg  used on input line 136.
(pdftex.def)             Requested size: 341.43306pt x 258.93373pt.
 [44 <./Fig/sie_2.jpg>]
<Fig/sie_3.jpg, id=1220, 520.344pt x 394.5942pt>
File: Fig/sie_3.jpg Graphic file (type jpg)
<use Fig/sie_3.jpg>
Package pdftex.def Info: Fig/sie_3.jpg  used on input line 153.
(pdftex.def)             Requested size: 341.43306pt x 258.93373pt.
 [45 <./Fig/sie_3.jpg>]
<Fig/arbo_srv_so_1.pdf, id=1225, 845.1575pt x 597.23125pt>
File: Fig/arbo_srv_so_1.pdf Graphic file (type pdf)
<use Fig/arbo_srv_so_1.pdf>
Package pdftex.def Info: Fig/arbo_srv_so_1.pdf  used on input line 166.
(pdftex.def)             Requested size: 398.33858pt x 281.49155pt.

Overfull \hbox (8.33858pt too wide) in paragraph at lines 166--167
 [][] 
 []

[46 <./Fig/arbo_srv_so_1.pdf, page is rotated 90 degrees>]
<Fig/sie_4.jpg, id=1242, 434.5836pt x 421.0932pt>
File: Fig/sie_4.jpg Graphic file (type jpg)
<use Fig/sie_4.jpg>
Package pdftex.def Info: Fig/sie_4.jpg  used on input line 180.
(pdftex.def)             Requested size: 256.0748pt x 248.13441pt.
 [47 <./Fig/sie_4.jpg>] [48] [49] [50] [51] [52]) [53]
\openout2 = `protocole_3_meteosol.aux'.

 (./protocole_3_meteosol.tex
Chapitre 3.
[54



] [55] [56]

! Package array Error:  Illegal pream-token (1): `c' used.

See the array package documentation for explanation.
Type  H <return>  for immediate help.
 ...                                              
                                                  
l.117 		\begin{tabular}{lll1}
                             
Try typing  <return>  to proceed.
If that doesn't work, type  X <return>  to quit.

[57] [58] [59]
<Fig/arg100complegende.jpg, id=1310, 414.8298pt x 308.8338pt>
File: Fig/arg100complegende.jpg Graphic file (type jpg)
<use Fig/arg100complegende.jpg>
Package pdftex.def Info: Fig/arg100complegende.jpg  used on input line 176.
(pdftex.def)             Requested size: 398.33858pt x 296.5666pt.

Overfull \hbox (8.33858pt too wide) in paragraph at lines 176--177
[][] 
 []


LaTeX Warning: `h' float specifier changed to `ht'.

[60] [61 <./Fig/arg100complegende.jpg>] [62]
Overfull \hbox (10.07527pt too wide) in paragraph at lines 221--221
[]\T1/cmr/bx/n/17.28 Les me-sures de rayon-ne-ment - SWin, SWout,
 []


Overfull \hbox (0.6241pt too wide) in paragraph at lines 232--233
[]\T1/cmr/m/n/12 Pour chaque type d'onde, un cap-teur est po-si-tionné vers le 
haut et le deuxième
 []

! Missing } inserted.
<inserted text> 
                }
l.256 \end{align}
                 
I've inserted something that you may have forgotten.
(See the <inserted text> above.)
With luck, this will get me unwedged. But if you
really didn't forget anything, try typing `2' now; then
my insertion and my current dilemma will both disappear.

! Missing { inserted.
<inserted text> 
                {
l.256 \end{align}
                 
I've put in what seems to be necessary to fix
the current column of the current alignment.
Try to go on, since this might almost work.

! Missing } inserted.
<inserted text> 
                }
l.256 \end{align}
                 
I've inserted something that you may have forgotten.
(See the <inserted text> above.)
With luck, this will get me unwedged. But if you
really didn't forget anything, try typing `2' now; then
my insertion and my current dilemma will both disappear.

! Missing { inserted.
<inserted text> 
                {
l.256 \end{align}
                 
I've put in what seems to be necessary to fix
the current column of the current alignment.
Try to go on, since this might almost work.

! Missing } inserted.
<inserted text> 
                }
l.256 \end{align}
                 
I've inserted something that you may have forgotten.
(See the <inserted text> above.)
With luck, this will get me unwedged. But if you
really didn't forget anything, try typing `2' now; then
my insertion and my current dilemma will both disappear.

! Missing { inserted.
<inserted text> 
                {
l.256 \end{align}
                 
I've put in what seems to be necessary to fix
the current column of the current alignment.
Try to go on, since this might almost work.

! Missing } inserted.
<inserted text> 
                }
l.256 \end{align}
                 
I've inserted something that you may have forgotten.
(See the <inserted text> above.)
With luck, this will get me unwedged. But if you
really didn't forget anything, try typing `2' now; then
my insertion and my current dilemma will both disappear.

! Missing { inserted.
<inserted text> 
                {
l.256 \end{align}
                 
I've put in what seems to be necessary to fix
the current column of the current alignment.
Try to go on, since this might almost work.

! Missing } inserted.
<inserted text> 
                }
l.256 \end{align}
                 
I've inserted something that you may have forgotten.
(See the <inserted text> above.)
With luck, this will get me unwedged. But if you
really didn't forget anything, try typing `2' now; then
my insertion and my current dilemma will both disappear.

! Missing { inserted.
<inserted text> 
                {
l.256 \end{align}
                 
I've put in what seems to be necessary to fix
the current column of the current alignment.
Try to go on, since this might almost work.

! Missing } inserted.
<inserted text> 
                }
l.256 \end{align}
                 
I've inserted something that you may have forgotten.
(See the <inserted text> above.)
With luck, this will get me unwedged. But if you
really didn't forget anything, try typing `2' now; then
my insertion and my current dilemma will both disappear.

! Missing { inserted.
<inserted text> 
                {
l.256 \end{align}
                 
I've put in what seems to be necessary to fix
the current column of the current alignment.
Try to go on, since this might almost work.

! Missing } inserted.
<inserted text> 
                }
l.256 \end{align}
                 
I've inserted something that you may have forgotten.
(See the <inserted text> above.)
With luck, this will get me unwedged. But if you
really didn't forget anything, try typing `2' now; then
my insertion and my current dilemma will both disappear.

! Missing { inserted.
<inserted text> 
                {
l.256 \end{align}
                 
I've put in what seems to be necessary to fix
the current column of the current alignment.
Try to go on, since this might almost work.

! Missing } inserted.
<inserted text> 
                }
l.256 \end{align}
                 
I've inserted something that you may have forgotten.
(See the <inserted text> above.)
With luck, this will get me unwedged. But if you
really didn't forget anything, try typing `2' now; then
my insertion and my current dilemma will both disappear.

! Missing { inserted.
<inserted text> 
                {
l.256 \end{align}
                 
I've put in what seems to be necessary to fix
the current column of the current alignment.
Try to go on, since this might almost work.

! Missing } inserted.
<inserted text> 
                }
l.256 \end{align}
                 
I've inserted something that you may have forgotten.
(See the <inserted text> above.)
With luck, this will get me unwedged. But if you
really didn't forget anything, try typing `2' now; then
my insertion and my current dilemma will both disappear.

! Missing { inserted.
<inserted text> 
                {
l.256 \end{align}
                 
I've put in what seems to be necessary to fix
the current column of the current alignment.
Try to go on, since this might almost work.

! Missing } inserted.
<inserted text> 
                }
l.256 \end{align}
                 
I've inserted something that you may have forgotten.
(See the <inserted text> above.)
With luck, this will get me unwedged. But if you
really didn't forget anything, try typing `2' now; then
my insertion and my current dilemma will both disappear.

! Missing { inserted.
<inserted text> 
                {
l.256 \end{align}
                 
I've put in what seems to be necessary to fix
the current column of the current alignment.
Try to go on, since this might almost work.

! Missing } inserted.
<inserted text> 
                }
l.256 \end{align}
                 
I've inserted something that you may have forgotten.
(See the <inserted text> above.)
With luck, this will get me unwedged. But if you
really didn't forget anything, try typing `2' now; then
my insertion and my current dilemma will both disappear.

! Missing { inserted.
<inserted text> 
                {
l.256 \end{align}
                 
I've put in what seems to be necessary to fix
the current column of the current alignment.
Try to go on, since this might almost work.

! Missing } inserted.
<inserted text> 
                }
l.256 \end{align}
                 
I've inserted something that you may have forgotten.
(See the <inserted text> above.)
With luck, this will get me unwedged. But if you
really didn't forget anything, try typing `2' now; then
my insertion and my current dilemma will both disappear.

! Missing { inserted.
<inserted text> 
                {
l.256 \end{align}
                 
I've put in what seems to be necessary to fix
the current column of the current alignment.
Try to go on, since this might almost work.

! Missing } inserted.
<inserted text> 
                }
l.256 \end{align}
                 
I've inserted something that you may have forgotten.
(See the <inserted text> above.)
With luck, this will get me unwedged. But if you
really didn't forget anything, try typing `2' now; then
my insertion and my current dilemma will both disappear.

! Missing { inserted.
<inserted text> 
                {
l.256 \end{align}
                 
I've put in what seems to be necessary to fix
the current column of the current alignment.
Try to go on, since this might almost work.

! Missing } inserted.
<inserted text> 
                }
l.256 \end{align}
                 
I've inserted something that you may have forgotten.
(See the <inserted text> above.)
With luck, this will get me unwedged. But if you
really didn't forget anything, try typing `2' now; then
my insertion and my current dilemma will both disappear.

! Missing { inserted.
<inserted text> 
                {
l.256 \end{align}
                 
I've put in what seems to be necessary to fix
the current column of the current alignment.
Try to go on, since this might almost work.

! Missing } inserted.
<inserted text> 
                }
l.256 \end{align}
                 
I've inserted something that you may have forgotten.
(See the <inserted text> above.)
With luck, this will get me unwedged. But if you
really didn't forget anything, try typing `2' now; then
my insertion and my current dilemma will both disappear.

! Missing { inserted.
<inserted text> 
                {
l.256 \end{align}
                 
I've put in what seems to be necessary to fix
the current column of the current alignment.
Try to go on, since this might almost work.

! Missing } inserted.
<inserted text> 
                }
l.256 \end{align}
                 
I've inserted something that you may have forgotten.
(See the <inserted text> above.)
With luck, this will get me unwedged. But if you
really didn't forget anything, try typing `2' now; then
my insertion and my current dilemma will both disappear.

! Missing \endgroup inserted.
<inserted text> 
                \endgroup 
l.256 \end{align}
                 
I've inserted something that you may have forgotten.
(See the <inserted text> above.)
With luck, this will get me unwedged. But if you
really didn't forget anything, try typing `2' now; then
my insertion and my current dilemma will both disappear.

! Misplaced \omit.
\math@cr@@@ ...@ \@ne \add@amps \maxfields@ \omit 
                                                  \kern -\alignsep@ \iftag@ ...
l.256 \end{align}
                 
I expect to see \omit only after tab marks or the \cr of
an alignment. Proceed, and I'll ignore this case.

! Missing { inserted.
<inserted text> 
                {
l.256 \end{align}
                 
I've put in what seems to be necessary to fix
the current column of the current alignment.
Try to go on, since this might almost work.

! Missing } inserted.
<inserted text> 
                }
l.256 \end{align}
                 
I've inserted something that you may have forgotten.
(See the <inserted text> above.)
With luck, this will get me unwedged. But if you
really didn't forget anything, try typing `2' now; then
my insertion and my current dilemma will both disappear.

! Missing { inserted.
<inserted text> 
                {
l.256 \end{align}
                 
I've put in what seems to be necessary to fix
the current column of the current alignment.
Try to go on, since this might almost work.

! Missing } inserted.
<inserted text> 
                }
l.256 \end{align}
                 
I've inserted something that you may have forgotten.
(See the <inserted text> above.)
With luck, this will get me unwedged. But if you
really didn't forget anything, try typing `2' now; then
my insertion and my current dilemma will both disappear.

! Missing \endgroup inserted.
<inserted text> 
                \endgroup 
l.256 \end{align}
                 
I've inserted something that you may have forgotten.
(See the <inserted text> above.)
With luck, this will get me unwedged. But if you
really didn't forget anything, try typing `2' now; then
my insertion and my current dilemma will both disappear.

! Misplaced \omit.
\math@cr@@@ ...@ \@ne \add@amps \maxfields@ \omit 
                                                  \kern -\alignsep@ \iftag@ ...
l.256 \end{align}
                 
I expect to see \omit only after tab marks or the \cr of
an alignment. Proceed, and I'll ignore this case.

! Missing { inserted.
<inserted text> 
                {
l.256 \end{align}
                 
I've put in what seems to be necessary to fix
the current column of the current alignment.
Try to go on, since this might almost work.

! Missing } inserted.
<inserted text> 
                }
l.256 \end{align}
                 
I've inserted something that you may have forgotten.
(See the <inserted text> above.)
With luck, this will get me unwedged. But if you
really didn't forget anything, try typing `2' now; then
my insertion and my current dilemma will both disappear.

! Missing { inserted.
<inserted text> 
                {
l.256 \end{align}
                 
I've put in what seems to be necessary to fix
the current column of the current alignment.
Try to go on, since this might almost work.

! Missing } inserted.
<inserted text> 
                }
l.256 \end{align}
                 
I've inserted something that you may have forgotten.
(See the <inserted text> above.)
With luck, this will get me unwedged. But if you
really didn't forget anything, try typing `2' now; then
my insertion and my current dilemma will both disappear.

! Missing \endgroup inserted.
<inserted text> 
                \endgroup 
l.256 \end{align}
                 
I've inserted something that you may have forgotten.
(See the <inserted text> above.)
With luck, this will get me unwedged. But if you
really didn't forget anything, try typing `2' now; then
my insertion and my current dilemma will both disappear.

! Misplaced \omit.
\math@cr@@@ ...@ \@ne \add@amps \maxfields@ \omit 
                                                  \kern -\alignsep@ \iftag@ ...
l.256 \end{align}
                 
I expect to see \omit only after tab marks or the \cr of
an alignment. Proceed, and I'll ignore this case.

! Missing { inserted.
<inserted text> 
                {
l.256 \end{align}
                 
I've put in what seems to be necessary to fix
the current column of the current alignment.
Try to go on, since this might almost work.

! Missing } inserted.
<inserted text> 
                }
l.256 \end{align}
                 
I've inserted something that you may have forgotten.
(See the <inserted text> above.)
With luck, this will get me unwedged. But if you
really didn't forget anything, try typing `2' now; then
my insertion and my current dilemma will both disappear.

! Missing { inserted.
<inserted text> 
                {
l.256 \end{align}
                 
I've put in what seems to be necessary to fix
the current column of the current alignment.
Try to go on, since this might almost work.

! Missing } inserted.
<inserted text> 
                }
l.256 \end{align}
                 
I've inserted something that you may have forgotten.
(See the <inserted text> above.)
With luck, this will get me unwedged. But if you
really didn't forget anything, try typing `2' now; then
my insertion and my current dilemma will both disappear.

! Missing \endgroup inserted.
<inserted text> 
                \endgroup 
l.256 \end{align}
                 
I've inserted something that you may have forgotten.
(See the <inserted text> above.)
With luck, this will get me unwedged. But if you
really didn't forget anything, try typing `2' now; then
my insertion and my current dilemma will both disappear.

! Misplaced \omit.
\math@cr@@@ ...@ \@ne \add@amps \maxfields@ \omit 
                                                  \kern -\alignsep@ \iftag@ ...
l.256 \end{align}
                 
I expect to see \omit only after tab marks or the \cr of
an alignment. Proceed, and I'll ignore this case.

! Missing { inserted.
<inserted text> 
                {
l.256 \end{align}
                 
I've put in what seems to be necessary to fix
the current column of the current alignment.
Try to go on, since this might almost work.

! Missing } inserted.
<inserted text> 
                }
l.256 \end{align}
                 
I've inserted something that you may have forgotten.
(See the <inserted text> above.)
With luck, this will get me unwedged. But if you
really didn't forget anything, try typing `2' now; then
my insertion and my current dilemma will both disappear.

! Missing { inserted.
<inserted text> 
                {
l.256 \end{align}
                 
I've put in what seems to be necessary to fix
the current column of the current alignment.
Try to go on, since this might almost work.

! Missing } inserted.
<inserted text> 
                }
l.256 \end{align}
                 
I've inserted something that you may have forgotten.
(See the <inserted text> above.)
With luck, this will get me unwedged. But if you
really didn't forget anything, try typing `2' now; then
my insertion and my current dilemma will both disappear.

! Missing \endgroup inserted.
<inserted text> 
                \endgroup 
l.256 \end{align}
                 
I've inserted something that you may have forgotten.
(See the <inserted text> above.)
With luck, this will get me unwedged. But if you
really didn't forget anything, try typing `2' now; then
my insertion and my current dilemma will both disappear.

! Misplaced \omit.
\math@cr@@@ ...@ \@ne \add@amps \maxfields@ \omit 
                                                  \kern -\alignsep@ \iftag@ ...
l.256 \end{align}
                 
I expect to see \omit only after tab marks or the \cr of
an alignment. Proceed, and I'll ignore this case.

! Missing { inserted.
<inserted text> 
                {
l.256 \end{align}
                 
I've put in what seems to be necessary to fix
the current column of the current alignment.
Try to go on, since this might almost work.

! Missing } inserted.
<inserted text> 
                }
l.256 \end{align}
                 
I've inserted something that you may have forgotten.
(See the <inserted text> above.)
With luck, this will get me unwedged. But if you
really didn't forget anything, try typing `2' now; then
my insertion and my current dilemma will both disappear.

! Missing { inserted.
<inserted text> 
                {
l.256 \end{align}
                 
I've put in what seems to be necessary to fix
the current column of the current alignment.
Try to go on, since this might almost work.

! Missing } inserted.
<inserted text> 
                }
l.256 \end{align}
                 
I've inserted something that you may have forgotten.
(See the <inserted text> above.)
With luck, this will get me unwedged. But if you
really didn't forget anything, try typing `2' now; then
my insertion and my current dilemma will both disappear.

! Missing \endgroup inserted.
<inserted text> 
                \endgroup 
l.256 \end{align}
                 
I've inserted something that you may have forgotten.
(See the <inserted text> above.)
With luck, this will get me unwedged. But if you
really didn't forget anything, try typing `2' now; then
my insertion and my current dilemma will both disappear.

! Misplaced \omit.
\math@cr@@@ ...@ \@ne \add@amps \maxfields@ \omit 
                                                  \kern -\alignsep@ \iftag@ ...
l.256 \end{align}
                 
I expect to see \omit only after tab marks or the \cr of
an alignment. Proceed, and I'll ignore this case.

! Missing { inserted.
<inserted text> 
                {
l.256 \end{align}
                 
I've put in what seems to be necessary to fix
the current column of the current alignment.
Try to go on, since this might almost work.

! Missing } inserted.
<inserted text> 
                }
l.256 \end{align}
                 
I've inserted something that you may have forgotten.
(See the <inserted text> above.)
With luck, this will get me unwedged. But if you
really didn't forget anything, try typing `2' now; then
my insertion and my current dilemma will both disappear.

! Missing { inserted.
<inserted text> 
                {
l.256 \end{align}
                 
I've put in what seems to be necessary to fix
the current column of the current alignment.
Try to go on, since this might almost work.

! Missing } inserted.
<inserted text> 
                }
l.256 \end{align}
                 
I've inserted something that you may have forgotten.
(See the <inserted text> above.)
With luck, this will get me unwedged. But if you
really didn't forget anything, try typing `2' now; then
my insertion and my current dilemma will both disappear.

! Missing \endgroup inserted.
<inserted text> 
                \endgroup 
l.256 \end{align}
                 
I've inserted something that you may have forgotten.
(See the <inserted text> above.)
With luck, this will get me unwedged. But if you
really didn't forget anything, try typing `2' now; then
my insertion and my current dilemma will both disappear.

! Misplaced \omit.
\math@cr@@@ ...@ \@ne \add@amps \maxfields@ \omit 
                                                  \kern -\alignsep@ \iftag@ ...
l.256 \end{align}
                 
I expect to see \omit only after tab marks or the \cr of
an alignment. Proceed, and I'll ignore this case.

! Missing { inserted.
<inserted text> 
                {
l.256 \end{align}
                 
I've put in what seems to be necessary to fix
the current column of the current alignment.
Try to go on, since this might almost work.

[63]
! Missing } inserted.
<inserted text> 
                }
l.264 \end{align}
                 
I've inserted something that you may have forgotten.
(See the <inserted text> above.)
With luck, this will get me unwedged. But if you
really didn't forget anything, try typing `2' now; then
my insertion and my current dilemma will both disappear.

! Missing { inserted.
<inserted text> 
                {
l.264 \end{align}
                 
I've put in what seems to be necessary to fix
the current column of the current alignment.
Try to go on, since this might almost work.

! Missing } inserted.
<inserted text> 
                }
l.264 \end{align}
                 
I've inserted something that you may have forgotten.
(See the <inserted text> above.)
With luck, this will get me unwedged. But if you
really didn't forget anything, try typing `2' now; then
my insertion and my current dilemma will both disappear.

! Missing { inserted.
<inserted text> 
                {
l.264 \end{align}
                 
I've put in what seems to be necessary to fix
the current column of the current alignment.
Try to go on, since this might almost work.

! Missing } inserted.
<inserted text> 
                }
l.264 \end{align}
                 
I've inserted something that you may have forgotten.
(See the <inserted text> above.)
With luck, this will get me unwedged. But if you
really didn't forget anything, try typing `2' now; then
my insertion and my current dilemma will both disappear.

! Missing { inserted.
<inserted text> 
                {
l.264 \end{align}
                 
I've put in what seems to be necessary to fix
the current column of the current alignment.
Try to go on, since this might almost work.

! Missing } inserted.
<inserted text> 
                }
l.264 \end{align}
                 
I've inserted something that you may have forgotten.
(See the <inserted text> above.)
With luck, this will get me unwedged. But if you
really didn't forget anything, try typing `2' now; then
my insertion and my current dilemma will both disappear.

! Missing { inserted.
<inserted text> 
                {
l.264 \end{align}
                 
I've put in what seems to be necessary to fix
the current column of the current alignment.
Try to go on, since this might almost work.

! Missing } inserted.
<inserted text> 
                }
l.264 \end{align}
                 
I've inserted something that you may have forgotten.
(See the <inserted text> above.)
With luck, this will get me unwedged. But if you
really didn't forget anything, try typing `2' now; then
my insertion and my current dilemma will both disappear.

! Missing { inserted.
<inserted text> 
                {
l.264 \end{align}
                 
I've put in what seems to be necessary to fix
the current column of the current alignment.
Try to go on, since this might almost work.

! Missing } inserted.
<inserted text> 
                }
l.264 \end{align}
                 
I've inserted something that you may have forgotten.
(See the <inserted text> above.)
With luck, this will get me unwedged. But if you
really didn't forget anything, try typing `2' now; then
my insertion and my current dilemma will both disappear.

! Missing { inserted.
<inserted text> 
                {
l.264 \end{align}
                 
I've put in what seems to be necessary to fix
the current column of the current alignment.
Try to go on, since this might almost work.

! Missing } inserted.
<inserted text> 
                }
l.264 \end{align}
                 
I've inserted something that you may have forgotten.
(See the <inserted text> above.)
With luck, this will get me unwedged. But if you
really didn't forget anything, try typing `2' now; then
my insertion and my current dilemma will both disappear.

! Missing { inserted.
<inserted text> 
                {
l.264 \end{align}
                 
I've put in what seems to be necessary to fix
the current column of the current alignment.
Try to go on, since this might almost work.

! Missing } inserted.
<inserted text> 
                }
l.264 \end{align}
                 
I've inserted something that you may have forgotten.
(See the <inserted text> above.)
With luck, this will get me unwedged. But if you
really didn't forget anything, try typing `2' now; then
my insertion and my current dilemma will both disappear.

! Missing \endgroup inserted.
<inserted text> 
                \endgroup 
l.264 \end{align}
                 
I've inserted something that you may have forgotten.
(See the <inserted text> above.)
With luck, this will get me unwedged. But if you
really didn't forget anything, try typing `2' now; then
my insertion and my current dilemma will both disappear.

! Misplaced \omit.
\math@cr@@@ ...@ \@ne \add@amps \maxfields@ \omit 
                                                  \kern -\alignsep@ \iftag@ ...
l.264 \end{align}
                 
I expect to see \omit only after tab marks or the \cr of
an alignment. Proceed, and I'll ignore this case.

! Missing { inserted.
<inserted text> 
                {
l.264 \end{align}
                 
I've put in what seems to be necessary to fix
the current column of the current alignment.
Try to go on, since this might almost work.

! Missing } inserted.
<inserted text> 
                }
l.264 \end{align}
                 
I've inserted something that you may have forgotten.
(See the <inserted text> above.)
With luck, this will get me unwedged. But if you
really didn't forget anything, try typing `2' now; then
my insertion and my current dilemma will both disappear.

! Missing { inserted.
<inserted text> 
                {
l.264 \end{align}
                 
I've put in what seems to be necessary to fix
the current column of the current alignment.
Try to go on, since this might almost work.

! Missing } inserted.
<inserted text> 
                }
l.264 \end{align}
                 
I've inserted something that you may have forgotten.
(See the <inserted text> above.)
With luck, this will get me unwedged. But if you
really didn't forget anything, try typing `2' now; then
my insertion and my current dilemma will both disappear.

! Missing \endgroup inserted.
<inserted text> 
                \endgroup 
l.264 \end{align}
                 
I've inserted something that you may have forgotten.
(See the <inserted text> above.)
With luck, this will get me unwedged. But if you
really didn't forget anything, try typing `2' now; then
my insertion and my current dilemma will both disappear.

! Misplaced \omit.
\math@cr@@@ ...@ \@ne \add@amps \maxfields@ \omit 
                                                  \kern -\alignsep@ \iftag@ ...
l.264 \end{align}
                 
I expect to see \omit only after tab marks or the \cr of
an alignment. Proceed, and I'll ignore this case.

! Missing { inserted.
<inserted text> 
                {
l.264 \end{align}
                 
I've put in what seems to be necessary to fix
the current column of the current alignment.
Try to go on, since this might almost work.

! Missing } inserted.
<inserted text> 
                }
l.264 \end{align}
                 
I've inserted something that you may have forgotten.
(See the <inserted text> above.)
With luck, this will get me unwedged. But if you
really didn't forget anything, try typing `2' now; then
my insertion and my current dilemma will both disappear.

! Missing { inserted.
<inserted text> 
                {
l.264 \end{align}
                 
I've put in what seems to be necessary to fix
the current column of the current alignment.
Try to go on, since this might almost work.

! Missing } inserted.
<inserted text> 
                }
l.264 \end{align}
                 
I've inserted something that you may have forgotten.
(See the <inserted text> above.)
With luck, this will get me unwedged. But if you
really didn't forget anything, try typing `2' now; then
my insertion and my current dilemma will both disappear.

! Missing \endgroup inserted.
<inserted text> 
                \endgroup 
l.264 \end{align}
                 
I've inserted something that you may have forgotten.
(See the <inserted text> above.)
With luck, this will get me unwedged. But if you
really didn't forget anything, try typing `2' now; then
my insertion and my current dilemma will both disappear.

! Misplaced \omit.
\math@cr@@@ ...@ \@ne \add@amps \maxfields@ \omit 
                                                  \kern -\alignsep@ \iftag@ ...
l.264 \end{align}
                 
I expect to see \omit only after tab marks or the \cr of
an alignment. Proceed, and I'll ignore this case.

! Missing { inserted.
<inserted text> 
                {
l.264 \end{align}
                 
I've put in what seems to be necessary to fix
the current column of the current alignment.
Try to go on, since this might almost work.

[64] [65]
<Fig/WindSonic.jpg, id=1354, 737.75626pt x 661.72218pt>
File: Fig/WindSonic.jpg Graphic file (type jpg)
<use Fig/WindSonic.jpg>
Package pdftex.def Info: Fig/WindSonic.jpg  used on input line 309.
(pdftex.def)             Requested size: 284.52756pt x 255.20305pt.
 [66 <./Fig/WindSonic.jpg>]
<Fig/WindSonic2.jpg, id=1359, 453.94594pt x 816.80156pt>
File: Fig/WindSonic2.jpg Graphic file (type jpg)
<use Fig/WindSonic2.jpg>
Package pdftex.def Info: Fig/WindSonic2.jpg  used on input line 324.
(pdftex.def)             Requested size: 199.16928pt x 358.3718pt.
 [67 <./Fig/WindSonic2.jpg>] [68]
<Fig/WindSonic3.jpg, id=1368, 688.974pt x 364.7226pt>
File: Fig/WindSonic3.jpg Graphic file (type jpg)
<use Fig/WindSonic3.jpg>
Package pdftex.def Info: Fig/WindSonic3.jpg  used on input line 360.
(pdftex.def)             Requested size: 398.33858pt x 210.86586pt.

Overfull \hbox (8.33858pt too wide) in paragraph at lines 360--361
[][] 
 []

[69 <./Fig/WindSonic3.jpg>] [70] [71] [72]
Overfull \hbox (29.7617pt too wide) in paragraph at lines 423--423
[]\T1/cmr/bx/n/17.28 Température de l'air - Ta - Pt100 (HMP155A) 
 []

<Fig/HMP155A_bis.jpg, id=1399, 490.9542pt x 688.80345pt>
File: Fig/HMP155A_bis.jpg Graphic file (type jpg)
<use Fig/HMP155A_bis.jpg>
Package pdftex.def Info: Fig/HMP155A_bis.jpg  used on input line 435.
(pdftex.def)             Requested size: 227.62204pt x 319.35487pt.
[73 <./Fig/HMP155A_bis.jpg>] [74]
<Fig/HMP155A_ter.jpg, id=1413, 721.2546pt x 724.03833pt>
File: Fig/HMP155A_ter.jpg Graphic file (type jpg)
<use Fig/HMP155A_ter.jpg>
Package pdftex.def Info: Fig/HMP155A_ter.jpg  used on input line 467.
(pdftex.def)             Requested size: 284.52756pt x 285.6219pt.


LaTeX Warning: `h' float specifier changed to `ht'.

[75] [76 <./Fig/HMP155A_ter.jpg>] [77] [78] [79]
! You can't use `macro parameter character #' in horizontal mode.
l.586 ...au correspond à la variable obligatoire #
                                                  49 "teneur en eau du sol, ...
Sorry, but I'm not programmed to handle this case;
I'll just pretend that you didn't ask for it.
If you're in the wrong mode, you might be able to
return to the right one by typing `I}' or `I$' or `I\par'.

! You can't use `macro parameter character #' in horizontal mode.
l.586 .... Cette valeur correspond à la variable #
                                                   9 du tableau 1.3, "Teneur...
Sorry, but I'm not programmed to handle this case;
I'll just pretend that you didn't ask for it.
If you're in the wrong mode, you might be able to
return to the right one by typing `I}' or `I$' or `I\par'.

[80] [81] [82]
<Fig/sonde_sol_horizontal.jpg, id=1475, 1356.56813pt x 598.48593pt>
File: Fig/sonde_sol_horizontal.jpg Graphic file (type jpg)
<use Fig/sonde_sol_horizontal.jpg>
Package pdftex.def Info: Fig/sonde_sol_horizontal.jpg  used on input line 630.
(pdftex.def)             Requested size: 398.33858pt x 175.72992pt.

Overfull \hbox (8.33858pt too wide) in paragraph at lines 630--631
[][] 
 []

[83 <./Fig/sonde_sol_horizontal.jpg>]
<Fig/profil_sol.jpg, id=1480, 1428.537pt x 604.659pt>
File: Fig/profil_sol.jpg Graphic file (type jpg)
<use Fig/profil_sol.jpg>
Package pdftex.def Info: Fig/profil_sol.jpg  used on input line 662.
(pdftex.def)             Requested size: 398.33858pt x 168.60216pt.

Overfull \hbox (8.33858pt too wide) in paragraph at lines 662--663
[][] 
 []

[84 <./Fig/profil_sol.jpg>]) [85]
\openout2 = `protocole_4_hydro.aux'.

 (./protocole_4_hydro.tex
Chapitre 4.
[86



] [87]
<Fig/hydro_1.jpg, id=1501, 711.4078pt x 454.69875pt>
File: Fig/hydro_1.jpg Graphic file (type jpg)
<use Fig/hydro_1.jpg>
Package pdftex.def Info: Fig/hydro_1.jpg  used on input line 76.
(pdftex.def)             Requested size: 398.33858pt x 254.60873pt.

Overfull \hbox (8.33858pt too wide) in paragraph at lines 76--77
 [][] 
 []

<Fig/hydro_2.jpg, id=1502, 714.0276pt x 450.0012pt>
File: Fig/hydro_2.jpg Graphic file (type jpg)
<use Fig/hydro_2.jpg>
Package pdftex.def Info: Fig/hydro_2.jpg  used on input line 85.
(pdftex.def)             Requested size: 398.33858pt x 251.05138pt.

Overfull \hbox (8.33858pt too wide) in paragraph at lines 85--86
 [][] 
 []


LaTeX Warning: `h' float specifier changed to `ht'.

[88 <./Fig/hydro_1.jpg>] [89 <./Fig/hydro_2.jpg>] [90] [91]
<Fig/hydro_3.jpg, id=1522, 708.246pt x 721.7364pt>
File: Fig/hydro_3.jpg Graphic file (type jpg)
<use Fig/hydro_3.jpg>
Package pdftex.def Info: Fig/hydro_3.jpg  used on input line 144.
(pdftex.def)             Requested size: 312.9803pt x 318.9526pt.


LaTeX Warning: `h' float specifier changed to `ht'.

[92]
<Fig/hydro_4.jpg, id=1527, 706.3188pt x 448.074pt>
File: Fig/hydro_4.jpg Graphic file (type jpg)
<use Fig/hydro_4.jpg>
Package pdftex.def Info: Fig/hydro_4.jpg  used on input line 153.
(pdftex.def)             Requested size: 312.9803pt x 198.54791pt.


LaTeX Warning: `h' float specifier changed to `ht'.

[93 <./Fig/hydro_3.jpg>] [94 <./Fig/hydro_4.jpg>])
\openout2 = `protocole_5_eddycov.aux'.

 (./protocole_5_eddycov.tex
Chapitre 5.
[95



] [96] [97] [98]

Package hyperref Warning: Token not allowed in a PDF string (PDFDocEncoding):
(hyperref)                removing `math shift' on input line 58.


Package hyperref Warning: Token not allowed in a PDF string (PDFDocEncoding):
(hyperref)                removing `subscript' on input line 58.


Package hyperref Warning: Token not allowed in a PDF string (PDFDocEncoding):
(hyperref)                removing `math shift' on input line 58.

[99]

Package hyperref Warning: Token not allowed in a PDF string (PDFDocEncoding):
(hyperref)                removing `math shift' on input line 73.


Package hyperref Warning: Token not allowed in a PDF string (PDFDocEncoding):
(hyperref)                removing `subscript' on input line 73.


Package hyperref Warning: Token not allowed in a PDF string (PDFDocEncoding):
(hyperref)                removing `math shift' on input line 73.

[100]

Package hyperref Warning: Token not allowed in a PDF string (PDFDocEncoding):
(hyperref)                removing `math shift' on input line 85.


Package hyperref Warning: Token not allowed in a PDF string (PDFDocEncoding):
(hyperref)                removing `subscript' on input line 85.


Package hyperref Warning: Token not allowed in a PDF string (PDFDocEncoding):
(hyperref)                removing `math shift' on input line 85.

[101]

Package hyperref Warning: Token not allowed in a PDF string (PDFDocEncoding):
(hyperref)                removing `math shift' on input line 101.


Package hyperref Warning: Token not allowed in a PDF string (PDFDocEncoding):
(hyperref)                removing `subscript' on input line 101.


Package hyperref Warning: Token not allowed in a PDF string (PDFDocEncoding):
(hyperref)                removing `math shift' on input line 101.


Package hyperref Warning: Token not allowed in a PDF string (PDFDocEncoding):
(hyperref)                removing `math shift' on input line 101.


Package hyperref Warning: Token not allowed in a PDF string (PDFDocEncoding):
(hyperref)                removing `subscript' on input line 101.


Package hyperref Warning: Token not allowed in a PDF string (PDFDocEncoding):
(hyperref)                removing `math shift' on input line 101.

[102]
<Fig/LI7200RS_1.jpg, id=1573, 1333.98375pt x 730.22812pt>
File: Fig/LI7200RS_1.jpg Graphic file (type jpg)
<use Fig/LI7200RS_1.jpg>
Package pdftex.def Info: Fig/LI7200RS_1.jpg  used on input line 168.
(pdftex.def)             Requested size: 341.43306pt x 186.9021pt.


LaTeX Warning: `h' float specifier changed to `ht'.

[103]
! You can't use `macro parameter character #' in horizontal mode.
l.207 ...nécessaire (5A fast blow, 125V, 5x20mm; #
                                                  439-04214).
Sorry, but I'm not programmed to handle this case;
I'll just pretend that you didn't ask for it.
If you're in the wrong mode, you might be able to
return to the right one by typing `I}' or `I$' or `I\par'.


Overfull \hbox (9.56302pt too wide) in paragraph at lines 207--208
\T1/cmr/m/n/12 gauche dans le boi-tier. Le rem-pla-cer si né-ces-saire (5A fast
 blow, 125V, 5x20mm ;
 []

[104 <./Fig/LI7200RS_1.jpg>]
<Fig/LI7200RS_2.jpg, id=1588, 574.39594pt x 274.77657pt>
File: Fig/LI7200RS_2.jpg Graphic file (type jpg)
<use Fig/LI7200RS_2.jpg>
Package pdftex.def Info: Fig/LI7200RS_2.jpg  used on input line 223.
(pdftex.def)             Requested size: 341.43306pt x 163.33684pt.
<Fig/LI7200RS_3.jpg, id=1589, 959.08313pt x 369.63094pt>
File: Fig/LI7200RS_3.jpg Graphic file (type jpg)
<use Fig/LI7200RS_3.jpg>
Package pdftex.def Info: Fig/LI7200RS_3.jpg  used on input line 230.
(pdftex.def)             Requested size: 341.43306pt x 131.58931pt.


LaTeX Warning: `h' float specifier changed to `ht'.

[105 <./Fig/LI7200RS_2.jpg>]

Package hyperref Warning: Token not allowed in a PDF string (PDFDocEncoding):
(hyperref)                removing `math shift' on input line 245.


Package hyperref Warning: Token not allowed in a PDF string (PDFDocEncoding):
(hyperref)                removing `subscript' on input line 245.


Package hyperref Warning: Token not allowed in a PDF string (PDFDocEncoding):
(hyperref)                removing `math shift' on input line 245.

[106 <./Fig/LI7200RS_3.jpg>]
! You can't use `macro parameter character #' in horizontal mode.
l.256 Si nécessaire, changez le thermocouple (#
                                               9977-038) comme suit:
Sorry, but I'm not programmed to handle this case;
I'll just pretend that you didn't ask for it.
If you're in the wrong mode, you might be able to
return to the right one by typing `I}' or `I$' or `I\par'.

! You can't use `macro parameter character #' in horizontal mode.
l.269 ...précédente (5A fast blow, 125V, 5x20mm; #
                                                  439-04214)
Sorry, but I'm not programmed to handle this case;
I'll just pretend that you didn't ask for it.
If you're in the wrong mode, you might be able to
return to the right one by typing `I}' or `I$' or `I\par'.

! You can't use `macro parameter character #' in horizontal mode.
l.277 ... remplacer (5A fast blow, 125V, 5x20mm; #
                                                  439-04214).
Sorry, but I'm not programmed to handle this case;
I'll just pretend that you didn't ask for it.
If you're in the wrong mode, you might be able to
return to the right one by typing `I}' or `I$' or `I\par'.

) [107]
\openout2 = `protocole_9_glossaire.aux'.


No file protocole_9_glossaire.tex.
Package atveryend Info: Empty hook `BeforeClearDocument' on input line 152.
Package atveryend Info: Empty hook `AfterLastShipout' on input line 152.
(./protocole_SNO_tourbieres.aux (./protocole_1_data.aux) (./protocole_2_SIE.aux
) (./protocole_3_meteosol.aux) (./protocole_4_hydro.aux)
(./protocole_5_eddycov.aux) (./protocole_9_glossaire.aux))
Package atveryend Info: Executing hook `AtVeryEndDocument' on input line 152.
Package atveryend Info: Executing hook `AtEndAfterFileList' on input line 152.
Package rerunfilecheck Info: File `protocole_SNO_tourbieres.out' has not change
d.
(rerunfilecheck)             Checksum: C2A569FD3AB3F5BBE724EAB5F3EFCBCD;14922.


LaTeX Warning: There were undefined references.


LaTeX Warning: There were multiply-defined labels.

Package atveryend Info: Empty hook `AtVeryVeryEnd' on input line 152.
 ) 
Here is how much of TeX's memory you used:
 8561 strings out of 492982
 122564 string characters out of 6134895
 223667 words of memory out of 5000000
 11505 multiletter control sequences out of 15000+600000
 23537 words of font info for 67 fonts, out of 8000000 for 9000
 1141 hyphenation exceptions out of 8191
 35i,8n,33p,1224b,582s stack positions out of 5000i,500n,10000p,200000b,80000s
{/usr/share/texmf/fonts/enc/dvips/cm-super/cm-super-t1.enc}</usr/share/texliv
e/texmf-dist/fonts/type1/public/amsfonts/cm/cmmi12.pfb></usr/share/texlive/texm
f-dist/fonts/type1/public/amsfonts/cm/cmmi7.pfb></usr/share/texlive/texmf-dist/
fonts/type1/public/amsfonts/cm/cmmi8.pfb></usr/share/texlive/texmf-dist/fonts/t
ype1/public/amsfonts/cm/cmr10.pfb></usr/share/texlive/texmf-dist/fonts/type1/pu
blic/amsfonts/cm/cmr12.pfb></usr/share/texlive/texmf-dist/fonts/type1/public/am
sfonts/cm/cmr6.pfb></usr/share/texlive/texmf-dist/fonts/type1/public/amsfonts/c
m/cmr8.pfb></usr/share/texlive/texmf-dist/fonts/type1/public/amsfonts/cm/cmsy10
.pfb></usr/share/texlive/texmf-dist/fonts/type1/public/amsfonts/cm/cmsy8.pfb></
usr/share/texmf/fonts/type1/public/cm-super/sfbx0800.pfb></usr/share/texmf/font
s/type1/public/cm-super/sfbx1200.pfb></usr/share/texmf/fonts/type1/public/cm-su
per/sfbx1440.pfb></usr/share/texmf/fonts/type1/public/cm-super/sfbx1728.pfb></u
sr/share/texmf/fonts/type1/public/cm-super/sfbx2488.pfb></usr/share/texmf/fonts
/type1/public/cm-super/sfcc1200.pfb></usr/share/texmf/fonts/type1/public/cm-sup
er/sfrm0800.pfb></usr/share/texmf/fonts/type1/public/cm-super/sfrm1000.pfb></us
r/share/texmf/fonts/type1/public/cm-super/sfrm1200.pfb></usr/share/texmf/fonts/
type1/public/cm-super/sfrm1440.pfb></usr/share/texmf/fonts/type1/public/cm-supe
r/sfti1200.pfb></usr/share/texmf/fonts/type1/public/cm-super/sftt1000.pfb></usr
/share/texmf/fonts/type1/public/cm-super/sftt1200.pfb>
Output written on protocole_SNO_tourbieres.pdf (110 pages, 2375189 bytes).
PDF statistics:
 1774 PDF objects out of 2073 (max. 8388607)
 1595 compressed objects within 16 object streams
 407 named destinations out of 1000 (max. 500000)
 1545 words of extra memory for PDF output out of 10000 (max. 10000000)

