\BOOKMARK [0][-]{chapter.1}{Typologie des variables}{}% 1
\BOOKMARK [1][-]{section.1.1}{\311l\351ments de contexte et objectifs}{chapter.1}% 2
\BOOKMARK [1][-]{section.1.2}{Cat\351gorie et modes d'acquisition}{chapter.1}% 3
\BOOKMARK [1][-]{section.1.3}{Les variables cibles obligatoires}{chapter.1}% 4
\BOOKMARK [2][-]{subsection.1.3.1}{D\351finition et degr\351 d'\351laboration}{section.1.3}% 5
\BOOKMARK [2][-]{subsection.1.3.2}{Liste des variables cibles}{section.1.3}% 6
\BOOKMARK [1][-]{section.1.4}{Organisation des \351quipements d'acquisition automatique}{chapter.1}% 7
\BOOKMARK [2][-]{subsection.1.4.1}{Stations m\351t\351o-sol}{section.1.4}% 8
\BOOKMARK [2][-]{subsection.1.4.2}{Station Eddy Covariance \(EC\)}{section.1.4}% 9
\BOOKMARK [2][-]{subsection.1.4.3}{Fluorim\350tre de terrain \340 l'exutoire}{section.1.4}% 10
\BOOKMARK [2][-]{subsection.1.4.4}{Sondes pi\351zom\351trique hors profil "m\351t\351o-sol"}{section.1.4}% 11
\BOOKMARK [2][-]{subsection.1.4.5}{Stations d'acquisitions suppl\351mentaires}{section.1.4}% 12
\BOOKMARK [1][-]{section.1.5}{Organisation des campagnes d'acquisition manuelle}{chapter.1}% 13
\BOOKMARK [2][-]{subsection.1.5.1}{Mesure de flux par chambre d'accumulation}{section.1.5}% 14
\BOOKMARK [2][-]{subsection.1.5.2}{Chimie et physique de l'eau}{section.1.5}% 15
\BOOKMARK [2][-]{subsection.1.5.3}{D\351bit \340 l'\351xutoire}{section.1.5}% 16
\BOOKMARK [2][-]{subsection.1.5.4}{Niveau d'eau}{section.1.5}% 17
\BOOKMARK [2][-]{subsection.1.5.5}{Equipements suppl\351mentaires}{section.1.5}% 18
\BOOKMARK [1][-]{section.1.6}{Format des noms de fichiers}{chapter.1}% 19
\BOOKMARK [1][-]{section.1.7}{La variable "temps"}{chapter.1}% 20
\BOOKMARK [1][-]{section.1.8}{Nom des variables "m\351t\351o-sol" - stations \043001, \043002 et \043003}{chapter.1}% 21
\BOOKMARK [2][-]{subsection.1.8.1}{En-t\352tes}{section.1.8}% 22
\BOOKMARK [2][-]{subsection.1.8.2}{Fr\351quence d'acquisition}{section.1.8}% 23
\BOOKMARK [2][-]{subsection.1.8.3}{R\351partition des variables m\351t\351o-sol}{section.1.8}% 24
\BOOKMARK [1][-]{section.1.9}{Nom des variables "eddy-covariance" - station \043004\)}{chapter.1}% 25
\BOOKMARK [2][-]{subsection.1.9.1}{En-t\352tes}{section.1.9}% 26
\BOOKMARK [2][-]{subsection.1.9.2}{Fr\351quence d'acquisition}{section.1.9}% 27
\BOOKMARK [2][-]{subsection.1.9.3}{R\351partition des variables eddy covariance}{section.1.9}% 28
\BOOKMARK [1][-]{section.1.10}{Nom des variables "biog\351ochimie de l'eau" - station \043005\)}{chapter.1}% 29
\BOOKMARK [2][-]{subsection.1.10.1}{En-t\352tes}{section.1.10}% 30
\BOOKMARK [2][-]{subsection.1.10.2}{Fr\351quence d'acquisition}{section.1.10}% 31
\BOOKMARK [1][-]{section.1.11}{Nom des variables "hydro" - stations \043006 \340 \043020}{chapter.1}% 32
\BOOKMARK [2][-]{subsection.1.11.1}{En-t\352tes}{section.1.11}% 33
\BOOKMARK [2][-]{subsection.1.11.2}{Fr\351quence d'acquisition}{section.1.11}% 34
\BOOKMARK [1][-]{section.1.12}{Nom des variables "GHG" - \351quipements \043101 \340 \043105}{chapter.1}% 35
\BOOKMARK [2][-]{subsection.1.12.1}{En-t\352tes}{section.1.12}% 36
\BOOKMARK [2][-]{subsection.1.12.2}{Fr\351quence d'acquisition}{section.1.12}% 37
\BOOKMARK [1][-]{section.1.13}{Nom des variables "GHG", "Biog\351o" et "Hydro" acquisent manuellement - \351quipements \043106 \340 \043113}{chapter.1}% 38
\BOOKMARK [2][-]{subsection.1.13.1}{En-t\352tes}{section.1.13}% 39
\BOOKMARK [2][-]{subsection.1.13.2}{Fr\351quence d'acquisition}{section.1.13}% 40
\BOOKMARK [0][-]{chapter.2}{Le syst\350me d'information en environnement - SIE}{}% 41
\BOOKMARK [1][-]{section.2.1}{Cadre et objectif du SIE}{chapter.2}% 42
\BOOKMARK [1][-]{section.2.2}{R\364le des diff\351rents \351l\351ments du SIE SNO Tourbi\350res}{chapter.2}% 43
\BOOKMARK [2][-]{subsection.2.2.1}{Le serveur "SRV-SO"}{section.2.2}% 44
\BOOKMARK [2][-]{subsection.2.2.2}{L'int\351grateur de donn\351es Talend}{section.2.2}% 45
\BOOKMARK [2][-]{subsection.2.2.3}{La base de donn\351es}{section.2.2}% 46
\BOOKMARK [1][-]{section.2.3}{Les flux de donn\351es}{chapter.2}% 47
\BOOKMARK [2][-]{subsection.2.3.1}{Des capteurs vers le serveur SRV-SO}{section.2.3}% 48
\BOOKMARK [2][-]{subsection.2.3.2}{L'arborescence du serveur SRV-SO}{section.2.3}% 49
\BOOKMARK [2][-]{subsection.2.3.3}{De SRV-SO \340 la base de donn\351es par Talend}{section.2.3}% 50
\BOOKMARK [2][-]{subsection.2.3.4}{De la base de donn\351es au public}{section.2.3}% 51
\BOOKMARK [2][-]{subsection.2.3.5}{Intervention de l'expert sur les donn\351es}{section.2.3}% 52
\BOOKMARK [1][-]{section.2.4}{Flux des m\351tadonn\351es}{chapter.2}% 53
\BOOKMARK [2][-]{subsection.2.4.1}{Sur les capteurs}{section.2.4}% 54
\BOOKMARK [2][-]{subsection.2.4.2}{Sur les variables g\351n\351r\351es par les capteurs ou les \351quipements}{section.2.4}% 55
\BOOKMARK [2][-]{subsection.2.4.3}{Sur les variables cacul\351es}{section.2.4}% 56
\BOOKMARK [1][-]{section.2.5}{Gestion de l'acc\350s au serveur SRV-SO}{chapter.2}% 57
\BOOKMARK [1][-]{section.2.6}{Gestion des t\351l\351chargement des donn\351es}{chapter.2}% 58
\BOOKMARK [0][-]{chapter.3}{Variables m\351t\351orologique et physique du sol}{}% 59
\BOOKMARK [1][-]{section.3.1}{Cadre et objectif des mesures}{chapter.3}% 60
\BOOKMARK [1][-]{section.3.2}{Organisation des \351quipements}{chapter.3}% 61
\BOOKMARK [2][-]{subsection.3.2.1}{Nombre de station d'acquisition}{section.3.2}% 62
\BOOKMARK [2][-]{subsection.3.2.2}{Installation des stations}{section.3.2}% 63
\BOOKMARK [1][-]{section.3.3}{Les variables: mesures, nomenclature, et capteurs}{chapter.3}% 64
\BOOKMARK [2][-]{subsection.3.3.1}{Les capteurs}{section.3.3}% 65
\BOOKMARK [1][-]{section.3.4}{Pression atmosph\351rique - Pa - PTU300}{chapter.3}% 66
\BOOKMARK [2][-]{subsection.3.4.1}{Principe de mesure et unit\351}{section.3.4}% 67
\BOOKMARK [2][-]{subsection.3.4.2}{Positionnement du capteur}{section.3.4}% 68
\BOOKMARK [2][-]{subsection.3.4.3}{Maintenance du capteur}{section.3.4}% 69
\BOOKMARK [2][-]{subsection.3.4.4}{Elaboration de la variable cible}{section.3.4}% 70
\BOOKMARK [1][-]{section.3.5}{Pluviom\351trie - P\137rain - ARG100}{chapter.3}% 71
\BOOKMARK [2][-]{subsection.3.5.1}{Principe de mesure et unit\351}{section.3.5}% 72
\BOOKMARK [2][-]{subsection.3.5.2}{Positionnement du capteur}{section.3.5}% 73
\BOOKMARK [2][-]{subsection.3.5.3}{Maintenance du capteur}{section.3.5}% 74
\BOOKMARK [2][-]{subsection.3.5.4}{Calibration et d\351rive du capteur}{section.3.5}% 75
\BOOKMARK [1][-]{section.3.6}{Les mesures de rayonnement - SWin, SWout, LWin, LWout - CNR4 }{chapter.3}% 76
\BOOKMARK [2][-]{subsection.3.6.1}{Principe de mesure et unit\351}{section.3.6}% 77
\BOOKMARK [2][-]{subsection.3.6.2}{Positionnement du capteur}{section.3.6}% 78
\BOOKMARK [2][-]{subsection.3.6.3}{Maintenance du capteur}{section.3.6}% 79
\BOOKMARK [2][-]{subsection.3.6.4}{Calibration et d\351rive du capteur}{section.3.6}% 80
\BOOKMARK [2][-]{subsection.3.6.5}{Informations compl\351mentaires}{section.3.6}% 81
\BOOKMARK [1][-]{section.3.7}{Densit\351 du flux de photons photosynth\351tiques - PPFD - SKP215}{chapter.3}% 82
\BOOKMARK [2][-]{subsection.3.7.1}{Principe de mesure et unit\351}{section.3.7}% 83
\BOOKMARK [2][-]{subsection.3.7.2}{Positionnement du capteur}{section.3.7}% 84
\BOOKMARK [2][-]{subsection.3.7.3}{Maintenance du capteur}{section.3.7}% 85
\BOOKMARK [2][-]{subsection.3.7.4}{Calibration et d\351rive du capteur}{section.3.7}% 86
\BOOKMARK [1][-]{section.3.8}{Vitesse du vent - WS - WindSonic}{chapter.3}% 87
\BOOKMARK [2][-]{subsection.3.8.1}{Principe de mesure et unit\351}{section.3.8}% 88
\BOOKMARK [2][-]{subsection.3.8.2}{Positionnement du capteur}{section.3.8}% 89
\BOOKMARK [2][-]{subsection.3.8.3}{Maintenance du capteur}{section.3.8}% 90
\BOOKMARK [2][-]{subsection.3.8.4}{Calibration et d\351rive du capteur}{section.3.8}% 91
\BOOKMARK [1][-]{section.3.9}{Direction du vent - WD - Windsonic}{chapter.3}% 92
\BOOKMARK [2][-]{subsection.3.9.1}{Principe de mesure et unit\351}{section.3.9}% 93
\BOOKMARK [2][-]{subsection.3.9.2}{Positionnement du capteur}{section.3.9}% 94
\BOOKMARK [2][-]{subsection.3.9.3}{Maintenance du capteur}{section.3.9}% 95
\BOOKMARK [2][-]{subsection.3.9.4}{Calibration et d\351rive du capteur}{section.3.9}% 96
\BOOKMARK [2][-]{subsection.3.9.5}{Informations compl\351mentaires}{section.3.9}% 97
\BOOKMARK [1][-]{section.3.10}{Humidit\351 relative de l'air - RH - HUMICAP\(r\) \(HMP155A\)}{chapter.3}% 98
\BOOKMARK [2][-]{subsection.3.10.1}{Principe de mesure et unit\351}{section.3.10}% 99
\BOOKMARK [2][-]{subsection.3.10.2}{Positionnement du capteur}{section.3.10}% 100
\BOOKMARK [2][-]{subsection.3.10.3}{Maintenance du capteur}{section.3.10}% 101
\BOOKMARK [2][-]{subsection.3.10.4}{Calibration et d\351rive du capteur}{section.3.10}% 102
\BOOKMARK [1][-]{section.3.11}{Temp\351rature de l'air - Ta - Pt100 \(HMP155A\)}{chapter.3}% 103
\BOOKMARK [2][-]{subsection.3.11.1}{Principe de mesure et unit\351}{section.3.11}% 104
\BOOKMARK [2][-]{subsection.3.11.2}{Positionnement du capteur}{section.3.11}% 105
\BOOKMARK [2][-]{subsection.3.11.3}{Maintenance de la sonde}{section.3.11}% 106
\BOOKMARK [2][-]{subsection.3.11.4}{Calibration et d\351rive du capteur}{section.3.11}% 107
\BOOKMARK [2][-]{subsection.3.11.5}{Informations diverses}{section.3.11}% 108
\BOOKMARK [1][-]{section.3.12}{Temp\351rature du sol - Ts - 107}{chapter.3}% 109
\BOOKMARK [2][-]{subsection.3.12.1}{Principe de mesure et unit\351}{section.3.12}% 110
\BOOKMARK [2][-]{subsection.3.12.2}{Positionnement du capteur}{section.3.12}% 111
\BOOKMARK [2][-]{subsection.3.12.3}{Maintenance du capteur}{section.3.12}% 112
\BOOKMARK [2][-]{subsection.3.12.4}{Calibration et d\351rive du capteur}{section.3.12}% 113
\BOOKMARK [1][-]{section.3.13}{Teneur en eau du sol - SWC - CS650}{chapter.3}% 114
\BOOKMARK [2][-]{subsection.3.13.1}{Principe de mesure et unit\351}{section.3.13}% 115
\BOOKMARK [2][-]{subsection.3.13.2}{Variable de sortie}{section.3.13}% 116
\BOOKMARK [2][-]{subsection.3.13.3}{Positionnement du capteur}{section.3.13}% 117
\BOOKMARK [2][-]{subsection.3.13.4}{Maintenance du capteur}{section.3.13}% 118
\BOOKMARK [2][-]{subsection.3.13.5}{Calibration}{section.3.13}% 119
\BOOKMARK [2][-]{subsection.3.13.6}{Informations diverses}{section.3.13}% 120
\BOOKMARK [1][-]{section.3.14}{Flux de chaleur dans le sol - G - Hukseflux}{chapter.3}% 121
\BOOKMARK [2][-]{subsection.3.14.1}{Principe de mesure et unit\351}{section.3.14}% 122
\BOOKMARK [2][-]{subsection.3.14.2}{Positionnement du capteur}{section.3.14}% 123
\BOOKMARK [2][-]{subsection.3.14.3}{Maintenance du capteur}{section.3.14}% 124
\BOOKMARK [2][-]{subsection.3.14.4}{Calibration et d\351rive du capteur}{section.3.14}% 125
\BOOKMARK [1][-]{section.3.15}{Niveau de la nappe d'eau - GWL - CS451}{chapter.3}% 126
\BOOKMARK [2][-]{subsection.3.15.1}{Principe de mesure et unit\351}{section.3.15}% 127
\BOOKMARK [2][-]{subsection.3.15.2}{Positionnement du capteur}{section.3.15}% 128
\BOOKMARK [2][-]{subsection.3.15.3}{Maintenance du capteur}{section.3.15}% 129
\BOOKMARK [2][-]{subsection.3.15.4}{Calibration et d\351rive du capteur}{section.3.15}% 130
\BOOKMARK [1][-]{section.3.16}{Positionnement des capteurs}{chapter.3}% 131
\BOOKMARK [2][-]{subsection.3.16.1}{Mesures dans le sol}{section.3.16}% 132
\BOOKMARK [2][-]{subsection.3.16.2}{Mesures dans l'atmosph\350re}{section.3.16}% 133
\BOOKMARK [1][-]{section.3.17}{Bibliographie}{chapter.3}% 134
\BOOKMARK [0][-]{chapter.4}{Hydrologie}{}% 135
\BOOKMARK [1][-]{section.4.1}{Cadre et objectif des mesures}{chapter.4}% 136
\BOOKMARK [1][-]{section.4.2}{Organisation des \351quipements}{chapter.4}% 137
\BOOKMARK [2][-]{subsection.4.2.1}{Nombre de stations d'acquisition}{section.4.2}% 138
\BOOKMARK [1][-]{section.4.3}{Les variables}{chapter.4}% 139
\BOOKMARK [2][-]{subsection.4.3.1}{Liste et abr\351viations des variables cibles}{section.4.3}% 140
\BOOKMARK [2][-]{subsection.4.3.2}{D\351finition}{section.4.3}% 141
\BOOKMARK [1][-]{section.4.4}{Le capteur de pression}{chapter.4}% 142
\BOOKMARK [2][-]{subsection.4.4.1}{Mod\350les de capteurs}{section.4.4}% 143
\BOOKMARK [2][-]{subsection.4.4.2}{Principe de mesure et unit\351}{section.4.4}% 144
\BOOKMARK [2][-]{subsection.4.4.3}{Positionnement du capteur}{section.4.4}% 145
\BOOKMARK [2][-]{subsection.4.4.4}{Maintenance du capteur}{section.4.4}% 146
\BOOKMARK [1][-]{section.4.5}{Elaboration des variables cibles}{chapter.4}% 147
\BOOKMARK [2][-]{subsection.4.5.1}{Ground Water Level - GWL}{section.4.5}% 148
\BOOKMARK [2][-]{subsection.4.5.2}{Ground Water Depth - GWD}{section.4.5}% 149
\BOOKMARK [2][-]{subsection.4.5.3}{D\351bit \340 l'\351xutoire - Q}{section.4.5}% 150
\BOOKMARK [0][-]{chapter.5}{Mesures de flux de carbone par eddy-covariance}{}% 151
\BOOKMARK [1][-]{section.5.1}{Cadre et objectif des mesures}{chapter.5}% 152
\BOOKMARK [1][-]{section.5.2}{Organisation des \351quipements}{chapter.5}% 153
\BOOKMARK [2][-]{subsection.5.2.1}{Nombre de station d'acquisition}{section.5.2}% 154
\BOOKMARK [2][-]{subsection.5.2.2}{installation des stations}{section.5.2}% 155
\BOOKMARK [1][-]{section.5.3}{Les variables: mesures, nomenclature, et capteurs}{chapter.5}% 156
\BOOKMARK [2][-]{subsection.5.3.1}{Nombre et fr\351quence}{section.5.3}% 157
\BOOKMARK [2][-]{subsection.5.3.2}{Nomenclature et codes}{section.5.3}% 158
\BOOKMARK [1][-]{section.5.4}{Mesures de la vitesse et direction du vent en 3D}{chapter.5}% 159
\BOOKMARK [2][-]{subsection.5.4.1}{Principe de mesure et unit\351}{section.5.4}% 160
\BOOKMARK [2][-]{subsection.5.4.2}{Positionnement du capteur}{section.5.4}% 161
\BOOKMARK [2][-]{subsection.5.4.3}{Calibration et d\351rive du capteur}{section.5.4}% 162
\BOOKMARK [1][-]{section.5.5}{Mesure des flux de CO2}{chapter.5}% 163
\BOOKMARK [2][-]{subsection.5.5.1}{Principe de mesure et unit\351}{section.5.5}% 164
\BOOKMARK [2][-]{subsection.5.5.2}{Positionnement du capteur}{section.5.5}% 165
\BOOKMARK [2][-]{subsection.5.5.3}{Calibration et d\351rive du capteur}{section.5.5}% 166
\BOOKMARK [1][-]{section.5.6}{Mesure des flux de CH4}{chapter.5}% 167
\BOOKMARK [2][-]{subsection.5.6.1}{Principe de mesure et unit\351}{section.5.6}% 168
\BOOKMARK [2][-]{subsection.5.6.2}{Positionnement du capteur}{section.5.6}% 169
\BOOKMARK [2][-]{subsection.5.6.3}{Calibration et d\351rive du capteur}{section.5.6}% 170
\BOOKMARK [1][-]{section.5.7}{Mesure des flux d'H2O}{chapter.5}% 171
\BOOKMARK [2][-]{subsection.5.7.1}{Principe de mesure et unit\351}{section.5.7}% 172
\BOOKMARK [2][-]{subsection.5.7.2}{Positionnement du capteur}{section.5.7}% 173
\BOOKMARK [2][-]{subsection.5.7.3}{Calibration et d\351rive du capteur}{section.5.7}% 174
\BOOKMARK [1][-]{section.5.8}{Maintenance de la station}{chapter.5}% 175
\BOOKMARK [2][-]{subsection.5.8.1}{LI-7200RS \(CO2 et H2O\)}{section.5.8}% 176
\BOOKMARK [2][-]{subsection.5.8.2}{LI-7700 \(CH4\)}{section.5.8}% 177
\BOOKMARK [2][-]{subsection.5.8.3}{LI-7200-101 \(module de flux pour le LI7200\)}{section.5.8}% 178
